<?xml version="1.0" encoding="UTF-8"?>
<testng-results skipped="0" failed="1" total="4" passed="3">
  <reporter-output>
  </reporter-output>
  <suite name="Default suite" duration-ms="49135" started-at="2023-02-24T17:35:45Z" finished-at="2023-02-24T17:36:35Z">
    <groups>
    </groups>
    <test name="Default test" duration-ms="49135" started-at="2023-02-24T17:35:45Z" finished-at="2023-02-24T17:36:35Z">
      <class name="com.sanchetihospitaltest.AppoinmentpageTest">
        <test-method status="PASS" signature="StartBrowser()[pri:0, instance:com.sanchetihospitaltest.AppoinmentpageTest@3632be31]" name="StartBrowser" is-config="true" duration-ms="16433" started-at="2023-02-24T12:35:45Z" finished-at="2023-02-24T12:36:02Z">
          <reporter-output>
          </reporter-output>
        </test-method> <!-- StartBrowser -->
        <test-method status="PASS" signature="appoinmentPage()[pri:0, instance:com.sanchetihospitaltest.AppoinmentpageTest@3632be31]" name="appoinmentPage" duration-ms="2235" started-at="2023-02-24T12:36:02Z" finished-at="2023-02-24T12:36:04Z">
          <reporter-output>
          </reporter-output>
        </test-method> <!-- appoinmentPage -->
        <test-method status="FAIL" signature="patientDetail()[pri:0, instance:com.sanchetihospitaltest.AppoinmentpageTest@3632be31]" name="patientDetail" duration-ms="20667" started-at="2023-02-24T12:36:04Z" finished-at="2023-02-24T12:36:25Z">
          <exception class="org.openqa.selenium.TimeoutException">
            <message>
              <![CDATA[Expected condition failed: waiting for element to be clickable: By.xpath: //input[@class='common-form-style patient-name'] (tried for 20 second(s) with 500 milliseconds interval)
Build info: version: '3.14.0', revision: 'aacccce0', time: '2018-08-02T20:19:58.91Z'
System info: host: 'LAPTOP-FCFV765G', ip: '192.168.1.78', os.name: 'Windows 10', os.arch: 'amd64', os.version: '10.0', java.version: '1.8.0_271'
Driver info: org.openqa.selenium.chrome.ChromeDriver
Capabilities {acceptInsecureCerts: false, browserName: chrome, browserVersion: 110.0.5481.105, chrome: {chromedriverVersion: 110.0.5481.77 (65ed616c6e8e..., userDataDir: C:\Users\bhush\AppData\Loca...}, goog:chromeOptions: {debuggerAddress: localhost:57721}, javascriptEnabled: true, networkConnectionEnabled: false, pageLoadStrategy: normal, platform: WINDOWS, platformName: WINDOWS, proxy: Proxy(), setWindowRect: true, strictFileInteractability: false, timeouts: {implicit: 0, pageLoad: 300000, script: 30000}, unhandledPromptBehavior: dismiss and notify, webauthn:extension:credBlob: true, webauthn:extension:largeBlob: true, webauthn:virtualAuthenticators: true}
Session ID: 10750e89b10638bed2df7c9ee1dc71ea]]>
            </message>
            <full-stacktrace>
              <![CDATA[org.openqa.selenium.TimeoutException: Expected condition failed: waiting for element to be clickable: By.xpath: //input[@class='common-form-style patient-name'] (tried for 20 second(s) with 500 milliseconds interval)
Build info: version: '3.14.0', revision: 'aacccce0', time: '2018-08-02T20:19:58.91Z'
System info: host: 'LAPTOP-FCFV765G', ip: '192.168.1.78', os.name: 'Windows 10', os.arch: 'amd64', os.version: '10.0', java.version: '1.8.0_271'
Driver info: org.openqa.selenium.chrome.ChromeDriver
Capabilities {acceptInsecureCerts: false, browserName: chrome, browserVersion: 110.0.5481.105, chrome: {chromedriverVersion: 110.0.5481.77 (65ed616c6e8e..., userDataDir: C:\Users\bhush\AppData\Loca...}, goog:chromeOptions: {debuggerAddress: localhost:57721}, javascriptEnabled: true, networkConnectionEnabled: false, pageLoadStrategy: normal, platform: WINDOWS, platformName: WINDOWS, proxy: Proxy(), setWindowRect: true, strictFileInteractability: false, timeouts: {implicit: 0, pageLoad: 300000, script: 30000}, unhandledPromptBehavior: dismiss and notify, webauthn:extension:credBlob: true, webauthn:extension:largeBlob: true, webauthn:virtualAuthenticators: true}
Session ID: 10750e89b10638bed2df7c9ee1dc71ea
	at org.openqa.selenium.support.ui.WebDriverWait.timeoutException(WebDriverWait.java:113)
	at org.openqa.selenium.support.ui.FluentWait.until(FluentWait.java:283)
	at com.sanchetihospitaltest.AppoinmentpageTest.patientDetail(AppoinmentpageTest.java:56)
	at sun.reflect.NativeMethodAccessorImpl.invoke0(Native Method)
	at sun.reflect.NativeMethodAccessorImpl.invoke(Unknown Source)
	at sun.reflect.DelegatingMethodAccessorImpl.invoke(Unknown Source)
	at java.lang.reflect.Method.invoke(Unknown Source)
	at org.testng.internal.MethodInvocationHelper.invokeMethod(MethodInvocationHelper.java:85)
	at org.testng.internal.Invoker.invokeMethod(Invoker.java:639)
	at org.testng.internal.Invoker.invokeTestMethod(Invoker.java:816)
	at org.testng.internal.Invoker.invokeTestMethods(Invoker.java:1124)
	at org.testng.internal.TestMethodWorker.invokeTestMethods(TestMethodWorker.java:125)
	at org.testng.internal.TestMethodWorker.run(TestMethodWorker.java:108)
	at org.testng.TestRunner.privateRun(TestRunner.java:774)
	at org.testng.TestRunner.run(TestRunner.java:624)
	at org.testng.SuiteRunner.runTest(SuiteRunner.java:359)
	at org.testng.SuiteRunner.runSequentially(SuiteRunner.java:354)
	at org.testng.SuiteRunner.privateRun(SuiteRunner.java:312)
	at org.testng.SuiteRunner.run(SuiteRunner.java:261)
	at org.testng.SuiteRunnerWorker.runSuite(SuiteRunnerWorker.java:52)
	at org.testng.SuiteRunnerWorker.run(SuiteRunnerWorker.java:86)
	at org.testng.TestNG.runSuitesSequentially(TestNG.java:1215)
	at org.testng.TestNG.runSuitesLocally(TestNG.java:1140)
	at org.testng.TestNG.run(TestNG.java:1048)
	at org.testng.remote.AbstractRemoteTestNG.run(AbstractRemoteTestNG.java:132)
	at org.testng.remote.RemoteTestNG.initAndRun(RemoteTestNG.java:230)
	at org.testng.remote.RemoteTestNG.main(RemoteTestNG.java:76)
]]>
            </full-stacktrace>
          </exception> <!-- org.openqa.selenium.TimeoutException -->
          <reporter-output>
          </reporter-output>
        </test-method> <!-- patientDetail -->
        <test-method status="PASS" signature="purposeDr()[pri:0, instance:com.sanchetihospitaltest.AppoinmentpageTest@3632be31]" name="purposeDr" duration-ms="393" started-at="2023-02-24T12:36:25Z" finished-at="2023-02-24T12:36:25Z">
          <reporter-output>
          </reporter-output>
        </test-method> <!-- purposeDr -->
        <test-method status="PASS" signature="selectDate()[pri:0, instance:com.sanchetihospitaltest.AppoinmentpageTest@3632be31]" name="selectDate" duration-ms="9270" started-at="2023-02-24T12:36:25Z" finished-at="2023-02-24T12:36:35Z">
          <reporter-output>
          </reporter-output>
        </test-method> <!-- selectDate -->
      </class> <!-- com.sanchetihospitaltest.AppoinmentpageTest -->
    </test> <!-- Default test -->
  </suite> <!-- Default suite -->
</testng-results>
